1 request <1,2>
4 recv reply 1
9 recv reply 0
10 recv <4,1>
11 reply 2 to <4,1>
12 recv reply 3
13 release <1,2>
14 request <14,2>
17 recv reply 0
18 recv <4,3>
19 reply 2 to <4,3>
20 recv reply 3
21 recv <17,0>
22 reply 2 to <17,0>
23 recv release 1
24 recv <23,1>
25 reply 2 to <23,1>
28 recv release 3
29 recv reply 1
30 release <14,2>
31 recv <28,3>
32 reply 2 to <28,3>
34 recv release 0
35 recv <34,0>
36 reply 2 to <34,0>
38 recv release 1
41 recv release 3
42 request <42,2>
47 recv release 0
50 recv reply 3
51 recv <47,0>
52 reply 2 to <47,0>
53 recv reply 1
54 recv reply 0
55 release <42,2>
58 recv <57,1>
59 reply 2 to <57,1>
62 recv release 0
63 recv <61,3>
64 reply 2 to <61,3>
65 recv release 1
67 recv <66,0>
68 reply 2 to <66,0>
69 recv release 3
70 request <70,2>
74 recv release 0
75 recv reply 1
76 recv reply 3
77 recv reply 0
78 release <70,2>
81 recv <80,3>
82 reply 2 to <80,3>
84 recv <83,1>
85 reply 2 to <83,1>
87 recv release 3
91 recv release 1
